<?xml version="1.0" encoding="UTF-8"?>
<testng-results total="1" passed="1" failed="0" skipped="0">
  <reporter-output>
  </reporter-output>
  <suite started-at="2022-03-02T05:44:49Z" name="Suite" finished-at="2022-03-02T05:45:05Z" duration-ms="16312">
    <groups>
      <group name="cucumber">
        <method signature="AbstractTestNGCucumberTests.feature(cucumber.api.testng.CucumberFeatureWrapper)[pri:0, instance:TestRunner.TestRunner@563e4951]" name="feature" class="cucumber.api.testng.AbstractTestNGCucumberTests"/>
      </group> <!-- cucumber -->
    </groups>
    <test started-at="2022-03-02T05:44:49Z" name="Test" finished-at="2022-03-02T05:45:05Z" duration-ms="16312">
      <class name="TestRunner.TestRunner">
        <test-method is-config="true" signature="setUpClass()[pri:0, instance:TestRunner.TestRunner@563e4951]" started-at="2022-03-02T11:14:49Z" name="setUpClass" finished-at="2022-03-02T11:14:49Z" duration-ms="406" status="PASS">
          <reporter-output>
          </reporter-output>
        </test-method> <!-- setUpClass -->
        <test-method signature="feature(cucumber.api.testng.CucumberFeatureWrapper)[pri:0, instance:TestRunner.TestRunner@563e4951]" started-at="2022-03-02T11:14:50Z" name="feature" description="Runs Cucumber Feature" data-provider="features" finished-at="2022-03-02T11:15:05Z" duration-ms="15733" status="PASS">
          <params>
            <param index="0">
              <value>
                <![CDATA[CucumberJava]]>
              </value>
            </param>
          </params>
          <reporter-output>
          </reporter-output>
        </test-method> <!-- feature -->
        <test-method is-config="true" signature="tearDownClass()[pri:0, instance:TestRunner.TestRunner@563e4951]" started-at="2022-03-02T11:15:05Z" name="tearDownClass" finished-at="2022-03-02T11:15:05Z" duration-ms="33" status="PASS">
          <reporter-output>
          </reporter-output>
        </test-method> <!-- tearDownClass -->
      </class> <!-- TestRunner.TestRunner -->
    </test> <!-- Test -->
  </suite> <!-- Suite -->
</testng-results>
