<?xml version="1.0" encoding="UTF-8"?>
<testng-results total="1" passed="1" failed="0" skipped="0">
  <reporter-output>
  </reporter-output>
  <suite started-at="2022-03-02T05:29:31Z" name="Suite" finished-at="2022-03-02T05:29:43Z" duration-ms="11994">
    <groups>
      <group name="cucumber">
        <method signature="AbstractTestNGCucumberTests.feature(cucumber.api.testng.CucumberFeatureWrapper)[pri:0, instance:TestRunner.TestRunner@7cbd9d24]" name="feature" class="cucumber.api.testng.AbstractTestNGCucumberTests"/>
      </group> <!-- cucumber -->
    </groups>
    <test started-at="2022-03-02T05:29:31Z" name="Test" finished-at="2022-03-02T05:29:43Z" duration-ms="11994">
      <class name="TestRunner.TestRunner">
        <test-method is-config="true" signature="setUpClass()[pri:0, instance:TestRunner.TestRunner@7cbd9d24]" started-at="2022-03-02T10:59:31Z" name="setUpClass" finished-at="2022-03-02T10:59:31Z" duration-ms="357" status="PASS">
          <reporter-output>
          </reporter-output>
        </test-method> <!-- setUpClass -->
        <test-method signature="feature(cucumber.api.testng.CucumberFeatureWrapper)[pri:0, instance:TestRunner.TestRunner@7cbd9d24]" started-at="2022-03-02T10:59:31Z" name="feature" description="Runs Cucumber Feature" data-provider="features" finished-at="2022-03-02T10:59:43Z" duration-ms="11484" status="PASS">
          <params>
            <param index="0">
              <value>
                <![CDATA[CucumberJava]]>
              </value>
            </param>
          </params>
          <reporter-output>
          </reporter-output>
        </test-method> <!-- feature -->
        <test-method is-config="true" signature="tearDownClass()[pri:0, instance:TestRunner.TestRunner@7cbd9d24]" started-at="2022-03-02T10:59:43Z" name="tearDownClass" finished-at="2022-03-02T10:59:43Z" duration-ms="21" status="PASS">
          <reporter-output>
          </reporter-output>
        </test-method> <!-- tearDownClass -->
      </class> <!-- TestRunner.TestRunner -->
    </test> <!-- Test -->
  </suite> <!-- Suite -->
</testng-results>
